<?xml version="1.0" encoding="UTF-8"?>
<!-- Generated by org.testng.reporters.JUnitXMLReporter -->
<testsuite ignored="7" hostname="DESKTOP-24HNAOI" failures="0" tests="3" name="Default test" time="93.277" errors="0" timestamp="2025-06-13T21:26:16 EET">
  <testcase classname="BootsTesting" name="VerifyHomepageLoad" time="3.361"/>
  <testcase classname="BootsTesting" name="CheckSearchProductFunctionality" time="42.867"/>
  <testcase classname="BootsTesting" name="FilterFunctionality" time="33.08"/>
  <testcase classname="BootsTesting" name="CheckAiAssistantFunctionality" time="0.0">
    <ignored/>
  </testcase> <!-- CheckAiAssistantFunctionality -->
  <testcase classname="BootsTesting" name="VerifiyProductListIsLoaded" time="0.0">
    <ignored/>
  </testcase> <!-- VerifiyProductListIsLoaded -->
  <testcase classname="BootsTesting" name="ChooseRandomProductCate" time="0.0">
    <ignored/>
  </testcase> <!-- ChooseRandomProductCate -->
  <testcase classname="BootsTesting" name="ViewingProductDetailes" time="0.0">
    <ignored/>
  </testcase> <!-- ViewingProductDetailes -->
  <testcase classname="BootsTesting" name="Filter" time="0.0">
    <ignored/>
  </testcase> <!-- Filter -->
  <testcase classname="BootsTesting" name="ChooseRandomProduct" time="0.0">
    <ignored/>
  </testcase> <!-- ChooseRandomProduct -->
  <testcase classname="BootsTesting" name="Registration" time="0.0">
    <ignored/>
  </testcase> <!-- Registration -->
</testsuite> <!-- Default test -->
