<?xml version="1.0" encoding="UTF-8"?>
<!-- Generated by org.testng.reporters.JUnitXMLReporter -->
<testsuite ignored="1" hostname="DESKTOP-24HNAOI" failures="0" tests="10" name="Default test" time="167.13" errors="0" timestamp="2025-06-24T22:45:21 EET">
  <testcase classname="BootsTesting" name="VerifyHomepageLoad" time="2.101"/>
  <testcase classname="BootsTesting" name="CheckAiAssistantFunctionality" time="7.645"/>
  <testcase classname="BootsTesting" name="ChooseProductCate" time="29.618"/>
  <testcase classname="BootsTesting" name="VerifiyProductListIsLoaded" time="2.042"/>
  <testcase classname="BootsTesting" name="FilterFunctionality" time="6.548"/>
  <testcase classname="BootsTesting" name="ChooseRandomProduct" time="46.244"/>
  <testcase classname="BootsTesting" name="ViewingProductDetailes" time="2.122"/>
  <testcase classname="BootsTesting" name="AddItemToTheCart" time="10.713"/>
  <testcase classname="BootsTesting" name="DicsountCode" time="4.663"/>
  <testcase classname="BootsTesting" name="CheckSearchProductFunctionality" time="46.96"/>
  <testcase classname="BootsTesting" name="Registration" time="0.0">
    <ignored/>
  </testcase> <!-- Registration -->
</testsuite> <!-- Default test -->
