<?xml version="1.0" encoding="UTF-8"?>
<testng-results ignored="7" total="8" passed="1" failed="0" skipped="0">
  <reporter-output>
  </reporter-output>
  <suite started-at="2025-06-11T22:56:19 EET" name="Default suite" finished-at="2025-06-11T22:56:46 EET" duration-ms="26904">
    <groups>
    </groups>
    <test started-at="2025-06-11T22:56:19 EET" name="Default test" finished-at="2025-06-11T22:56:46 EET" duration-ms="26904">
      <class name="BootsTesting">
        <test-method is-config="true" signature="MySetup()[pri:0, instance:BootsTesting@3b00856b]" started-at="2025-06-11T22:56:19 EET" name="MySetup" finished-at="2025-06-11T22:56:29 EET" duration-ms="9612" status="PASS">
          <reporter-output>
          </reporter-output>
        </test-method> <!-- MySetup -->
        <test-method signature="CheckAiAssistantFunctionality()[pri:1, instance:BootsTesting@3b00856b]" started-at="2025-06-11T22:56:29 EET" name="CheckAiAssistantFunctionality" finished-at="2025-06-11T22:56:46 EET" duration-ms="17092" status="PASS">
          <reporter-output>
          </reporter-output>
        </test-method> <!-- CheckAiAssistantFunctionality -->
      </class> <!-- BootsTesting -->
    </test> <!-- Default test -->
  </suite> <!-- Default suite -->
</testng-results>
